<?xml version="1.0" encoding="UTF-8"?>
<!-- Generated by org.testng.reporters.JUnitReportReporter -->
<testsuite hostname="DESKTOP-VHI7RBC" failures="0" tests="4" name="com.github.CreateANewRepo_POST_Request" time="0.051" errors="0" timestamp="30 Aug. 2023 02:20:27 GMT" skipped="0">
  <testcase classname="com.github.CreateANewRepo_POST_Request" name="CheckStatus" time="0.002"/>
  <testcase classname="com.github.CreateANewRepo_POST_Request" name="TestHeader" time="0.006"/>
  <testcase classname="com.github.CreateANewRepo_POST_Request" name="CheckResponseTime" time="0.023"/>
  <testcase classname="com.github.CreateANewRepo_POST_Request" name="PrintResponseBody" time="0.020"/>
</testsuite> <!-- com.github.CreateANewRepo_POST_Request -->
