<?xml version="1.0" encoding="UTF-8"?>
<!-- Generated by org.testng.reporters.JUnitReportReporter -->
<testsuite hostname="DESKTOP-VHI7RBC" failures="0" tests="4" name="com.github.CreateANewRepo_POST_Request" time="0.070" errors="0" timestamp="30 Aug 2023 02:20:08 GMT" skipped="0">
  <testcase classname="com.github.CreateANewRepo_POST_Request" name="PrintResponseBody" time="0.060"/>
  <testcase classname="com.github.CreateANewRepo_POST_Request" name="CheckResponseTime" time="0.004"/>
  <testcase classname="com.github.CreateANewRepo_POST_Request" name="CheckStatus" time="0.001"/>
  <testcase classname="com.github.CreateANewRepo_POST_Request" name="TestHeader" time="0.005"/>
</testsuite> <!-- com.github.CreateANewRepo_POST_Request -->
